<?xml version="1.0" encoding="UTF-8"?>
<testsuite xmlns:xsi="http://www.w3.org/2001/XMLSchema-instance" xsi:noNamespaceSchemaLocation="https://maven.apache.org/surefire/maven-surefire-plugin/xsd/surefire-test-report.xsd" version="3.0.2" name="com.mb.postService.service.impl.PostServiceImplTest" time="0.124" tests="25" errors="0" skipped="0" failures="0">
  <properties>
    <property name="java.specification.version" value="21"/>
    <property name="sun.jnu.encoding" value="UTF-8"/>
    <property name="java.class.path" value="/Users/mourya_n/Downloads/sasi/blog_post_service-main/target/test-classes:/Users/mourya_n/Downloads/sasi/blog_post_service-main/target/classes:/Users/mourya_n/.m2/repository/org/springframework/boot/spring-boot-starter-data-jpa/3.5.4/spring-boot-starter-data-jpa-3.5.4.jar:/Users/mourya_n/.m2/repository/org/springframework/boot/spring-boot-starter/3.5.4/spring-boot-starter-3.5.4.jar:/Users/mourya_n/.m2/repository/org/springframework/boot/spring-boot/3.5.4/spring-boot-3.5.4.jar:/Users/mourya_n/.m2/repository/org/springframework/boot/spring-boot-autoconfigure/3.5.4/spring-boot-autoconfigure-3.5.4.jar:/Users/mourya_n/.m2/repository/org/springframework/boot/spring-boot-starter-logging/3.5.4/spring-boot-starter-logging-3.5.4.jar:/Users/mourya_n/.m2/repository/ch/qos/logback/logback-classic/1.5.18/logback-classic-1.5.18.jar:/Users/mourya_n/.m2/repository/ch/qos/logback/logback-core/1.5.18/logback-core-1.5.18.jar:/Users/mourya_n/.m2/repository/org/apache/logging/log4j/log4j-to-slf4j/2.24.3/log4j-to-slf4j-2.24.3.jar:/Users/mourya_n/.m2/repository/org/apache/logging/log4j/log4j-api/2.24.3/log4j-api-2.24.3.jar:/Users/mourya_n/.m2/repository/org/slf4j/jul-to-slf4j/2.0.17/jul-to-slf4j-2.0.17.jar:/Users/mourya_n/.m2/repository/jakarta/annotation/jakarta.annotation-api/2.1.1/jakarta.annotation-api-2.1.1.jar:/Users/mourya_n/.m2/repository/org/yaml/snakeyaml/2.4/snakeyaml-2.4.jar:/Users/mourya_n/.m2/repository/org/springframework/boot/spring-boot-starter-jdbc/3.5.4/spring-boot-starter-jdbc-3.5.4.jar:/Users/mourya_n/.m2/repository/com/zaxxer/HikariCP/6.3.1/HikariCP-6.3.1.jar:/Users/mourya_n/.m2/repository/org/springframework/spring-jdbc/6.2.9/spring-jdbc-6.2.9.jar:/Users/mourya_n/.m2/repository/org/hibernate/orm/hibernate-core/6.6.22.Final/hibernate-core-6.6.22.Final.jar:/Users/mourya_n/.m2/repository/jakarta/persistence/jakarta.persistence-api/3.1.0/jakarta.persistence-api-3.1.0.jar:/Users/mourya_n/.m2/repository/jakarta/transaction/jakarta.transaction-api/2.0.1/jakarta.transaction-api-2.0.1.jar:/Users/mourya_n/.m2/repository/org/jboss/logging/jboss-logging/3.6.1.Final/jboss-logging-3.6.1.Final.jar:/Users/mourya_n/.m2/repository/org/hibernate/common/hibernate-commons-annotations/7.0.3.Final/hibernate-commons-annotations-7.0.3.Final.jar:/Users/mourya_n/.m2/repository/io/smallrye/jandex/3.2.0/jandex-3.2.0.jar:/Users/mourya_n/.m2/repository/com/fasterxml/classmate/1.7.0/classmate-1.7.0.jar:/Users/mourya_n/.m2/repository/net/bytebuddy/byte-buddy/1.17.6/byte-buddy-1.17.6.jar:/Users/mourya_n/.m2/repository/org/glassfish/jaxb/jaxb-runtime/4.0.5/jaxb-runtime-4.0.5.jar:/Users/mourya_n/.m2/repository/org/glassfish/jaxb/jaxb-core/4.0.5/jaxb-core-4.0.5.jar:/Users/mourya_n/.m2/repository/org/eclipse/angus/angus-activation/2.0.2/angus-activation-2.0.2.jar:/Users/mourya_n/.m2/repository/org/glassfish/jaxb/txw2/4.0.5/txw2-4.0.5.jar:/Users/mourya_n/.m2/repository/com/sun/istack/istack-commons-runtime/4.1.2/istack-commons-runtime-4.1.2.jar:/Users/mourya_n/.m2/repository/jakarta/inject/jakarta.inject-api/2.0.1/jakarta.inject-api-2.0.1.jar:/Users/mourya_n/.m2/repository/org/antlr/antlr4-runtime/4.13.0/antlr4-runtime-4.13.0.jar:/Users/mourya_n/.m2/repository/org/springframework/data/spring-data-jpa/3.5.2/spring-data-jpa-3.5.2.jar:/Users/mourya_n/.m2/repository/org/springframework/data/spring-data-commons/3.5.2/spring-data-commons-3.5.2.jar:/Users/mourya_n/.m2/repository/org/springframework/spring-orm/6.2.9/spring-orm-6.2.9.jar:/Users/mourya_n/.m2/repository/org/springframework/spring-context/6.2.9/spring-context-6.2.9.jar:/Users/mourya_n/.m2/repository/org/springframework/spring-tx/6.2.9/spring-tx-6.2.9.jar:/Users/mourya_n/.m2/repository/org/springframework/spring-beans/6.2.9/spring-beans-6.2.9.jar:/Users/mourya_n/.m2/repository/org/slf4j/slf4j-api/2.0.17/slf4j-api-2.0.17.jar:/Users/mourya_n/.m2/repository/org/springframework/spring-aspects/6.2.9/spring-aspects-6.2.9.jar:/Users/mourya_n/.m2/repository/org/aspectj/aspectjweaver/1.9.24/aspectjweaver-1.9.24.jar:/Users/mourya_n/.m2/repository/org/springframework/boot/spring-boot-starter-web/3.5.4/spring-boot-starter-web-3.5.4.jar:/Users/mourya_n/.m2/repository/org/springframework/boot/spring-boot-starter-json/3.5.4/spring-boot-starter-json-3.5.4.jar:/Users/mourya_n/.m2/repository/com/fasterxml/jackson/core/jackson-databind/2.19.2/jackson-databind-2.19.2.jar:/Users/mourya_n/.m2/repository/com/fasterxml/jackson/datatype/jackson-datatype-jdk8/2.19.2/jackson-datatype-jdk8-2.19.2.jar:/Users/mourya_n/.m2/repository/com/fasterxml/jackson/datatype/jackson-datatype-jsr310/2.19.2/jackson-datatype-jsr310-2.19.2.jar:/Users/mourya_n/.m2/repository/com/fasterxml/jackson/module/jackson-module-parameter-names/2.19.2/jackson-module-parameter-names-2.19.2.jar:/Users/mourya_n/.m2/repository/org/springframework/boot/spring-boot-starter-tomcat/3.5.4/spring-boot-starter-tomcat-3.5.4.jar:/Users/mourya_n/.m2/repository/org/apache/tomcat/embed/tomcat-embed-core/10.1.43/tomcat-embed-core-10.1.43.jar:/Users/mourya_n/.m2/repository/org/apache/tomcat/embed/tomcat-embed-el/10.1.43/tomcat-embed-el-10.1.43.jar:/Users/mourya_n/.m2/repository/org/apache/tomcat/embed/tomcat-embed-websocket/10.1.43/tomcat-embed-websocket-10.1.43.jar:/Users/mourya_n/.m2/repository/org/springframework/spring-web/6.2.9/spring-web-6.2.9.jar:/Users/mourya_n/.m2/repository/io/micrometer/micrometer-observation/1.15.2/micrometer-observation-1.15.2.jar:/Users/mourya_n/.m2/repository/io/micrometer/micrometer-commons/1.15.2/micrometer-commons-1.15.2.jar:/Users/mourya_n/.m2/repository/org/springframework/spring-webmvc/6.2.9/spring-webmvc-6.2.9.jar:/Users/mourya_n/.m2/repository/org/springframework/spring-expression/6.2.9/spring-expression-6.2.9.jar:/Users/mourya_n/.m2/repository/org/springframework/boot/spring-boot-starter-security/3.5.4/spring-boot-starter-security-3.5.4.jar:/Users/mourya_n/.m2/repository/org/springframework/spring-aop/6.2.9/spring-aop-6.2.9.jar:/Users/mourya_n/.m2/repository/org/springframework/security/spring-security-config/6.5.2/spring-security-config-6.5.2.jar:/Users/mourya_n/.m2/repository/org/springframework/security/spring-security-core/6.5.2/spring-security-core-6.5.2.jar:/Users/mourya_n/.m2/repository/org/springframework/security/spring-security-web/6.5.2/spring-security-web-6.5.2.jar:/Users/mourya_n/.m2/repository/org/springframework/cloud/spring-cloud-starter-netflix-eureka-client/4.3.0/spring-cloud-starter-netflix-eureka-client-4.3.0.jar:/Users/mourya_n/.m2/repository/org/springframework/cloud/spring-cloud-starter/4.3.0/spring-cloud-starter-4.3.0.jar:/Users/mourya_n/.m2/repository/org/springframework/cloud/spring-cloud-context/4.3.0/spring-cloud-context-4.3.0.jar:/Users/mourya_n/.m2/repository/org/bouncycastle/bcprov-jdk18on/1.80/bcprov-jdk18on-1.80.jar:/Users/mourya_n/.m2/repository/org/springframework/cloud/spring-cloud-netflix-eureka-client/4.3.0/spring-cloud-netflix-eureka-client-4.3.0.jar:/Users/mourya_n/.m2/repository/org/apache/httpcomponents/client5/httpclient5/5.5/httpclient5-5.5.jar:/Users/mourya_n/.m2/repository/org/apache/httpcomponents/core5/httpcore5/5.3.4/httpcore5-5.3.4.jar:/Users/mourya_n/.m2/repository/org/apache/httpcomponents/core5/httpcore5-h2/5.3.4/httpcore5-h2-5.3.4.jar:/Users/mourya_n/.m2/repository/com/netflix/eureka/eureka-client/2.0.4/eureka-client-2.0.4.jar:/Users/mourya_n/.m2/repository/com/thoughtworks/xstream/xstream/1.4.20/xstream-1.4.20.jar:/Users/mourya_n/.m2/repository/io/github/x-stream/mxparser/1.2.2/mxparser-1.2.2.jar:/Users/mourya_n/.m2/repository/xmlpull/xmlpull/1.1.3.1/xmlpull-1.1.3.1.jar:/Users/mourya_n/.m2/repository/jakarta/ws/rs/jakarta.ws.rs-api/3.1.0/jakarta.ws.rs-api-3.1.0.jar:/Users/mourya_n/.m2/repository/com/netflix/spectator/spectator-api/1.7.3/spectator-api-1.7.3.jar:/Users/mourya_n/.m2/repository/org/apache/httpcomponents/httpclient/4.5.3/httpclient-4.5.3.jar:/Users/mourya_n/.m2/repository/org/apache/httpcomponents/httpcore/4.4.16/httpcore-4.4.16.jar:/Users/mourya_n/.m2/repository/commons-codec/commons-codec/1.18.0/commons-codec-1.18.0.jar:/Users/mourya_n/.m2/repository/commons-configuration/commons-configuration/1.10/commons-configuration-1.10.jar:/Users/mourya_n/.m2/repository/commons-lang/commons-lang/2.6/commons-lang-2.6.jar:/Users/mourya_n/.m2/repository/com/fasterxml/jackson/core/jackson-annotations/2.19.2/jackson-annotations-2.19.2.jar:/Users/mourya_n/.m2/repository/com/fasterxml/jackson/core/jackson-core/2.19.2/jackson-core-2.19.2.jar:/Users/mourya_n/.m2/repository/com/netflix/netflix-commons/netflix-eventbus/0.3.0/netflix-eventbus-0.3.0.jar:/Users/mourya_n/.m2/repository/com/netflix/netflix-commons/netflix-infix/0.3.0/netflix-infix-0.3.0.jar:/Users/mourya_n/.m2/repository/commons-jxpath/commons-jxpath/1.3/commons-jxpath-1.3.jar:/Users/mourya_n/.m2/repository/joda-time/joda-time/2.3/joda-time-2.3.jar:/Users/mourya_n/.m2/repository/org/antlr/antlr-runtime/3.4/antlr-runtime-3.4.jar:/Users/mourya_n/.m2/repository/org/antlr/stringtemplate/3.2.1/stringtemplate-3.2.1.jar:/Users/mourya_n/.m2/repository/antlr/antlr/2.7.7/antlr-2.7.7.jar:/Users/mourya_n/.m2/repository/com/google/guava/guava/14.0.1/guava-14.0.1.jar:/Users/mourya_n/.m2/repository/com/google/code/gson/gson/2.13.1/gson-2.13.1.jar:/Users/mourya_n/.m2/repository/com/google/errorprone/error_prone_annotations/2.38.0/error_prone_annotations-2.38.0.jar:/Users/mourya_n/.m2/repository/com/netflix/servo/servo-core/0.5.3/servo-core-0.5.3.jar:/Users/mourya_n/.m2/repository/org/apache/commons/commons-math/2.2/commons-math-2.2.jar:/Users/mourya_n/.m2/repository/javax/annotation/javax.annotation-api/1.2/javax.annotation-api-1.2.jar:/Users/mourya_n/.m2/repository/org/codehaus/jettison/jettison/1.5.4/jettison-1.5.4.jar:/Users/mourya_n/.m2/repository/org/springframework/cloud/spring-cloud-starter-loadbalancer/4.3.0/spring-cloud-starter-loadbalancer-4.3.0.jar:/Users/mourya_n/.m2/repository/org/springframework/cloud/spring-cloud-loadbalancer/4.3.0/spring-cloud-loadbalancer-4.3.0.jar:/Users/mourya_n/.m2/repository/io/projectreactor/reactor-core/3.7.8/reactor-core-3.7.8.jar:/Users/mourya_n/.m2/repository/org/reactivestreams/reactive-streams/1.0.4/reactive-streams-1.0.4.jar:/Users/mourya_n/.m2/repository/io/projectreactor/addons/reactor-extra/3.5.2/reactor-extra-3.5.2.jar:/Users/mourya_n/.m2/repository/org/springframework/boot/spring-boot-starter-cache/3.5.4/spring-boot-starter-cache-3.5.4.jar:/Users/mourya_n/.m2/repository/org/springframework/spring-context-support/6.2.9/spring-context-support-6.2.9.jar:/Users/mourya_n/.m2/repository/com/stoyanr/evictor/1.0.0/evictor-1.0.0.jar:/Users/mourya_n/.m2/repository/org/springframework/cloud/spring-cloud-starter-openfeign/4.3.0/spring-cloud-starter-openfeign-4.3.0.jar:/Users/mourya_n/.m2/repository/org/springframework/cloud/spring-cloud-openfeign-core/4.3.0/spring-cloud-openfeign-core-4.3.0.jar:/Users/mourya_n/.m2/repository/io/github/openfeign/feign-form-spring/13.6/feign-form-spring-13.6.jar:/Users/mourya_n/.m2/repository/org/apache/commons/commons-text/1.13.0/commons-text-1.13.0.jar:/Users/mourya_n/.m2/repository/org/apache/commons/commons-lang3/3.17.0/commons-lang3-3.17.0.jar:/Users/mourya_n/.m2/repository/io/github/openfeign/feign-form/13.6/feign-form-13.6.jar:/Users/mourya_n/.m2/repository/commons-fileupload/commons-fileupload/1.5/commons-fileupload-1.5.jar:/Users/mourya_n/.m2/repository/org/springframework/cloud/spring-cloud-commons/4.3.0/spring-cloud-commons-4.3.0.jar:/Users/mourya_n/.m2/repository/org/springframework/security/spring-security-crypto/6.5.2/spring-security-crypto-6.5.2.jar:/Users/mourya_n/.m2/repository/io/github/openfeign/feign-core/13.6/feign-core-13.6.jar:/Users/mourya_n/.m2/repository/io/github/openfeign/feign-slf4j/13.6/feign-slf4j-13.6.jar:/Users/mourya_n/.m2/repository/org/postgresql/postgresql/42.7.7/postgresql-42.7.7.jar:/Users/mourya_n/.m2/repository/org/checkerframework/checker-qual/3.49.3/checker-qual-3.49.3.jar:/Users/mourya_n/.m2/repository/org/projectlombok/lombok/1.18.38/lombok-1.18.38.jar:/Users/mourya_n/.m2/repository/org/springframework/boot/spring-boot-starter-test/3.5.4/spring-boot-starter-test-3.5.4.jar:/Users/mourya_n/.m2/repository/org/springframework/boot/spring-boot-test/3.5.4/spring-boot-test-3.5.4.jar:/Users/mourya_n/.m2/repository/org/springframework/boot/spring-boot-test-autoconfigure/3.5.4/spring-boot-test-autoconfigure-3.5.4.jar:/Users/mourya_n/.m2/repository/com/jayway/jsonpath/json-path/2.9.0/json-path-2.9.0.jar:/Users/mourya_n/.m2/repository/jakarta/xml/bind/jakarta.xml.bind-api/4.0.2/jakarta.xml.bind-api-4.0.2.jar:/Users/mourya_n/.m2/repository/jakarta/activation/jakarta.activation-api/2.1.3/jakarta.activation-api-2.1.3.jar:/Users/mourya_n/.m2/repository/net/minidev/json-smart/2.5.2/json-smart-2.5.2.jar:/Users/mourya_n/.m2/repository/net/minidev/accessors-smart/2.5.2/accessors-smart-2.5.2.jar:/Users/mourya_n/.m2/repository/org/ow2/asm/asm/9.7.1/asm-9.7.1.jar:/Users/mourya_n/.m2/repository/org/assertj/assertj-core/3.27.3/assertj-core-3.27.3.jar:/Users/mourya_n/.m2/repository/org/awaitility/awaitility/4.2.2/awaitility-4.2.2.jar:/Users/mourya_n/.m2/repository/org/hamcrest/hamcrest/3.0/hamcrest-3.0.jar:/Users/mourya_n/.m2/repository/org/junit/jupiter/junit-jupiter/5.12.2/junit-jupiter-5.12.2.jar:/Users/mourya_n/.m2/repository/org/junit/jupiter/junit-jupiter-api/5.12.2/junit-jupiter-api-5.12.2.jar:/Users/mourya_n/.m2/repository/org/opentest4j/opentest4j/1.3.0/opentest4j-1.3.0.jar:/Users/mourya_n/.m2/repository/org/junit/platform/junit-platform-commons/1.12.2/junit-platform-commons-1.12.2.jar:/Users/mourya_n/.m2/repository/org/apiguardian/apiguardian-api/1.1.2/apiguardian-api-1.1.2.jar:/Users/mourya_n/.m2/repository/org/junit/jupiter/junit-jupiter-params/5.12.2/junit-jupiter-params-5.12.2.jar:/Users/mourya_n/.m2/repository/org/junit/jupiter/junit-jupiter-engine/5.12.2/junit-jupiter-engine-5.12.2.jar:/Users/mourya_n/.m2/repository/org/junit/platform/junit-platform-engine/1.12.2/junit-platform-engine-1.12.2.jar:/Users/mourya_n/.m2/repository/org/mockito/mockito-core/5.17.0/mockito-core-5.17.0.jar:/Users/mourya_n/.m2/repository/net/bytebuddy/byte-buddy-agent/1.17.6/byte-buddy-agent-1.17.6.jar:/Users/mourya_n/.m2/repository/org/objenesis/objenesis/3.3/objenesis-3.3.jar:/Users/mourya_n/.m2/repository/org/mockito/mockito-junit-jupiter/5.17.0/mockito-junit-jupiter-5.17.0.jar:/Users/mourya_n/.m2/repository/org/skyscreamer/jsonassert/1.5.3/jsonassert-1.5.3.jar:/Users/mourya_n/.m2/repository/com/vaadin/external/google/android-json/0.0.20131108.vaadin1/android-json-0.0.20131108.vaadin1.jar:/Users/mourya_n/.m2/repository/org/springframework/spring-core/6.2.9/spring-core-6.2.9.jar:/Users/mourya_n/.m2/repository/org/springframework/spring-jcl/6.2.9/spring-jcl-6.2.9.jar:/Users/mourya_n/.m2/repository/org/springframework/spring-test/6.2.9/spring-test-6.2.9.jar:/Users/mourya_n/.m2/repository/org/xmlunit/xmlunit-core/2.10.3/xmlunit-core-2.10.3.jar:"/>
    <property name="java.vm.vendor" value="Oracle Corporation"/>
    <property name="sun.arch.data.model" value="64"/>
    <property name="java.vendor.url" value="https://java.oracle.com/"/>
    <property name="user.timezone" value="Asia/Kolkata"/>
    <property name="os.name" value="Mac OS X"/>
    <property name="java.vm.specification.version" value="21"/>
    <property name="sun.java.launcher" value="SUN_STANDARD"/>
    <property name="user.country" value="IN"/>
    <property name="sun.boot.library.path" value="/Library/Java/JavaVirtualMachines/jdk-21.jdk/Contents/Home/lib"/>
    <property name="sun.java.command" value="/Users/mourya_n/Downloads/sasi/blog_post_service-main/target/surefire/surefirebooter-20250819155230619_3.jar /Users/mourya_n/Downloads/sasi/blog_post_service-main/target/surefire 2025-08-19T15-52-30_583-jvmRun1 surefire-20250819155230619_1tmp surefire_0-20250819155230619_2tmp"/>
    <property name="http.nonProxyHosts" value="local|*.local|169.254/16|*.169.254/16"/>
    <property name="jdk.debug" value="release"/>
    <property name="surefire.test.class.path" value="/Users/mourya_n/Downloads/sasi/blog_post_service-main/target/test-classes:/Users/mourya_n/Downloads/sasi/blog_post_service-main/target/classes:/Users/mourya_n/.m2/repository/org/springframework/boot/spring-boot-starter-data-jpa/3.5.4/spring-boot-starter-data-jpa-3.5.4.jar:/Users/mourya_n/.m2/repository/org/springframework/boot/spring-boot-starter/3.5.4/spring-boot-starter-3.5.4.jar:/Users/mourya_n/.m2/repository/org/springframework/boot/spring-boot/3.5.4/spring-boot-3.5.4.jar:/Users/mourya_n/.m2/repository/org/springframework/boot/spring-boot-autoconfigure/3.5.4/spring-boot-autoconfigure-3.5.4.jar:/Users/mourya_n/.m2/repository/org/springframework/boot/spring-boot-starter-logging/3.5.4/spring-boot-starter-logging-3.5.4.jar:/Users/mourya_n/.m2/repository/ch/qos/logback/logback-classic/1.5.18/logback-classic-1.5.18.jar:/Users/mourya_n/.m2/repository/ch/qos/logback/logback-core/1.5.18/logback-core-1.5.18.jar:/Users/mourya_n/.m2/repository/org/apache/logging/log4j/log4j-to-slf4j/2.24.3/log4j-to-slf4j-2.24.3.jar:/Users/mourya_n/.m2/repository/org/apache/logging/log4j/log4j-api/2.24.3/log4j-api-2.24.3.jar:/Users/mourya_n/.m2/repository/org/slf4j/jul-to-slf4j/2.0.17/jul-to-slf4j-2.0.17.jar:/Users/mourya_n/.m2/repository/jakarta/annotation/jakarta.annotation-api/2.1.1/jakarta.annotation-api-2.1.1.jar:/Users/mourya_n/.m2/repository/org/yaml/snakeyaml/2.4/snakeyaml-2.4.jar:/Users/mourya_n/.m2/repository/org/springframework/boot/spring-boot-starter-jdbc/3.5.4/spring-boot-starter-jdbc-3.5.4.jar:/Users/mourya_n/.m2/repository/com/zaxxer/HikariCP/6.3.1/HikariCP-6.3.1.jar:/Users/mourya_n/.m2/repository/org/springframework/spring-jdbc/6.2.9/spring-jdbc-6.2.9.jar:/Users/mourya_n/.m2/repository/org/hibernate/orm/hibernate-core/6.6.22.Final/hibernate-core-6.6.22.Final.jar:/Users/mourya_n/.m2/repository/jakarta/persistence/jakarta.persistence-api/3.1.0/jakarta.persistence-api-3.1.0.jar:/Users/mourya_n/.m2/repository/jakarta/transaction/jakarta.transaction-api/2.0.1/jakarta.transaction-api-2.0.1.jar:/Users/mourya_n/.m2/repository/org/jboss/logging/jboss-logging/3.6.1.Final/jboss-logging-3.6.1.Final.jar:/Users/mourya_n/.m2/repository/org/hibernate/common/hibernate-commons-annotations/7.0.3.Final/hibernate-commons-annotations-7.0.3.Final.jar:/Users/mourya_n/.m2/repository/io/smallrye/jandex/3.2.0/jandex-3.2.0.jar:/Users/mourya_n/.m2/repository/com/fasterxml/classmate/1.7.0/classmate-1.7.0.jar:/Users/mourya_n/.m2/repository/net/bytebuddy/byte-buddy/1.17.6/byte-buddy-1.17.6.jar:/Users/mourya_n/.m2/repository/org/glassfish/jaxb/jaxb-runtime/4.0.5/jaxb-runtime-4.0.5.jar:/Users/mourya_n/.m2/repository/org/glassfish/jaxb/jaxb-core/4.0.5/jaxb-core-4.0.5.jar:/Users/mourya_n/.m2/repository/org/eclipse/angus/angus-activation/2.0.2/angus-activation-2.0.2.jar:/Users/mourya_n/.m2/repository/org/glassfish/jaxb/txw2/4.0.5/txw2-4.0.5.jar:/Users/mourya_n/.m2/repository/com/sun/istack/istack-commons-runtime/4.1.2/istack-commons-runtime-4.1.2.jar:/Users/mourya_n/.m2/repository/jakarta/inject/jakarta.inject-api/2.0.1/jakarta.inject-api-2.0.1.jar:/Users/mourya_n/.m2/repository/org/antlr/antlr4-runtime/4.13.0/antlr4-runtime-4.13.0.jar:/Users/mourya_n/.m2/repository/org/springframework/data/spring-data-jpa/3.5.2/spring-data-jpa-3.5.2.jar:/Users/mourya_n/.m2/repository/org/springframework/data/spring-data-commons/3.5.2/spring-data-commons-3.5.2.jar:/Users/mourya_n/.m2/repository/org/springframework/spring-orm/6.2.9/spring-orm-6.2.9.jar:/Users/mourya_n/.m2/repository/org/springframework/spring-context/6.2.9/spring-context-6.2.9.jar:/Users/mourya_n/.m2/repository/org/springframework/spring-tx/6.2.9/spring-tx-6.2.9.jar:/Users/mourya_n/.m2/repository/org/springframework/spring-beans/6.2.9/spring-beans-6.2.9.jar:/Users/mourya_n/.m2/repository/org/slf4j/slf4j-api/2.0.17/slf4j-api-2.0.17.jar:/Users/mourya_n/.m2/repository/org/springframework/spring-aspects/6.2.9/spring-aspects-6.2.9.jar:/Users/mourya_n/.m2/repository/org/aspectj/aspectjweaver/1.9.24/aspectjweaver-1.9.24.jar:/Users/mourya_n/.m2/repository/org/springframework/boot/spring-boot-starter-web/3.5.4/spring-boot-starter-web-3.5.4.jar:/Users/mourya_n/.m2/repository/org/springframework/boot/spring-boot-starter-json/3.5.4/spring-boot-starter-json-3.5.4.jar:/Users/mourya_n/.m2/repository/com/fasterxml/jackson/core/jackson-databind/2.19.2/jackson-databind-2.19.2.jar:/Users/mourya_n/.m2/repository/com/fasterxml/jackson/datatype/jackson-datatype-jdk8/2.19.2/jackson-datatype-jdk8-2.19.2.jar:/Users/mourya_n/.m2/repository/com/fasterxml/jackson/datatype/jackson-datatype-jsr310/2.19.2/jackson-datatype-jsr310-2.19.2.jar:/Users/mourya_n/.m2/repository/com/fasterxml/jackson/module/jackson-module-parameter-names/2.19.2/jackson-module-parameter-names-2.19.2.jar:/Users/mourya_n/.m2/repository/org/springframework/boot/spring-boot-starter-tomcat/3.5.4/spring-boot-starter-tomcat-3.5.4.jar:/Users/mourya_n/.m2/repository/org/apache/tomcat/embed/tomcat-embed-core/10.1.43/tomcat-embed-core-10.1.43.jar:/Users/mourya_n/.m2/repository/org/apache/tomcat/embed/tomcat-embed-el/10.1.43/tomcat-embed-el-10.1.43.jar:/Users/mourya_n/.m2/repository/org/apache/tomcat/embed/tomcat-embed-websocket/10.1.43/tomcat-embed-websocket-10.1.43.jar:/Users/mourya_n/.m2/repository/org/springframework/spring-web/6.2.9/spring-web-6.2.9.jar:/Users/mourya_n/.m2/repository/io/micrometer/micrometer-observation/1.15.2/micrometer-observation-1.15.2.jar:/Users/mourya_n/.m2/repository/io/micrometer/micrometer-commons/1.15.2/micrometer-commons-1.15.2.jar:/Users/mourya_n/.m2/repository/org/springframework/spring-webmvc/6.2.9/spring-webmvc-6.2.9.jar:/Users/mourya_n/.m2/repository/org/springframework/spring-expression/6.2.9/spring-expression-6.2.9.jar:/Users/mourya_n/.m2/repository/org/springframework/boot/spring-boot-starter-security/3.5.4/spring-boot-starter-security-3.5.4.jar:/Users/mourya_n/.m2/repository/org/springframework/spring-aop/6.2.9/spring-aop-6.2.9.jar:/Users/mourya_n/.m2/repository/org/springframework/security/spring-security-config/6.5.2/spring-security-config-6.5.2.jar:/Users/mourya_n/.m2/repository/org/springframework/security/spring-security-core/6.5.2/spring-security-core-6.5.2.jar:/Users/mourya_n/.m2/repository/org/springframework/security/spring-security-web/6.5.2/spring-security-web-6.5.2.jar:/Users/mourya_n/.m2/repository/org/springframework/cloud/spring-cloud-starter-netflix-eureka-client/4.3.0/spring-cloud-starter-netflix-eureka-client-4.3.0.jar:/Users/mourya_n/.m2/repository/org/springframework/cloud/spring-cloud-starter/4.3.0/spring-cloud-starter-4.3.0.jar:/Users/mourya_n/.m2/repository/org/springframework/cloud/spring-cloud-context/4.3.0/spring-cloud-context-4.3.0.jar:/Users/mourya_n/.m2/repository/org/bouncycastle/bcprov-jdk18on/1.80/bcprov-jdk18on-1.80.jar:/Users/mourya_n/.m2/repository/org/springframework/cloud/spring-cloud-netflix-eureka-client/4.3.0/spring-cloud-netflix-eureka-client-4.3.0.jar:/Users/mourya_n/.m2/repository/org/apache/httpcomponents/client5/httpclient5/5.5/httpclient5-5.5.jar:/Users/mourya_n/.m2/repository/org/apache/httpcomponents/core5/httpcore5/5.3.4/httpcore5-5.3.4.jar:/Users/mourya_n/.m2/repository/org/apache/httpcomponents/core5/httpcore5-h2/5.3.4/httpcore5-h2-5.3.4.jar:/Users/mourya_n/.m2/repository/com/netflix/eureka/eureka-client/2.0.4/eureka-client-2.0.4.jar:/Users/mourya_n/.m2/repository/com/thoughtworks/xstream/xstream/1.4.20/xstream-1.4.20.jar:/Users/mourya_n/.m2/repository/io/github/x-stream/mxparser/1.2.2/mxparser-1.2.2.jar:/Users/mourya_n/.m2/repository/xmlpull/xmlpull/1.1.3.1/xmlpull-1.1.3.1.jar:/Users/mourya_n/.m2/repository/jakarta/ws/rs/jakarta.ws.rs-api/3.1.0/jakarta.ws.rs-api-3.1.0.jar:/Users/mourya_n/.m2/repository/com/netflix/spectator/spectator-api/1.7.3/spectator-api-1.7.3.jar:/Users/mourya_n/.m2/repository/org/apache/httpcomponents/httpclient/4.5.3/httpclient-4.5.3.jar:/Users/mourya_n/.m2/repository/org/apache/httpcomponents/httpcore/4.4.16/httpcore-4.4.16.jar:/Users/mourya_n/.m2/repository/commons-codec/commons-codec/1.18.0/commons-codec-1.18.0.jar:/Users/mourya_n/.m2/repository/commons-configuration/commons-configuration/1.10/commons-configuration-1.10.jar:/Users/mourya_n/.m2/repository/commons-lang/commons-lang/2.6/commons-lang-2.6.jar:/Users/mourya_n/.m2/repository/com/fasterxml/jackson/core/jackson-annotations/2.19.2/jackson-annotations-2.19.2.jar:/Users/mourya_n/.m2/repository/com/fasterxml/jackson/core/jackson-core/2.19.2/jackson-core-2.19.2.jar:/Users/mourya_n/.m2/repository/com/netflix/netflix-commons/netflix-eventbus/0.3.0/netflix-eventbus-0.3.0.jar:/Users/mourya_n/.m2/repository/com/netflix/netflix-commons/netflix-infix/0.3.0/netflix-infix-0.3.0.jar:/Users/mourya_n/.m2/repository/commons-jxpath/commons-jxpath/1.3/commons-jxpath-1.3.jar:/Users/mourya_n/.m2/repository/joda-time/joda-time/2.3/joda-time-2.3.jar:/Users/mourya_n/.m2/repository/org/antlr/antlr-runtime/3.4/antlr-runtime-3.4.jar:/Users/mourya_n/.m2/repository/org/antlr/stringtemplate/3.2.1/stringtemplate-3.2.1.jar:/Users/mourya_n/.m2/repository/antlr/antlr/2.7.7/antlr-2.7.7.jar:/Users/mourya_n/.m2/repository/com/google/guava/guava/14.0.1/guava-14.0.1.jar:/Users/mourya_n/.m2/repository/com/google/code/gson/gson/2.13.1/gson-2.13.1.jar:/Users/mourya_n/.m2/repository/com/google/errorprone/error_prone_annotations/2.38.0/error_prone_annotations-2.38.0.jar:/Users/mourya_n/.m2/repository/com/netflix/servo/servo-core/0.5.3/servo-core-0.5.3.jar:/Users/mourya_n/.m2/repository/org/apache/commons/commons-math/2.2/commons-math-2.2.jar:/Users/mourya_n/.m2/repository/javax/annotation/javax.annotation-api/1.2/javax.annotation-api-1.2.jar:/Users/mourya_n/.m2/repository/org/codehaus/jettison/jettison/1.5.4/jettison-1.5.4.jar:/Users/mourya_n/.m2/repository/org/springframework/cloud/spring-cloud-starter-loadbalancer/4.3.0/spring-cloud-starter-loadbalancer-4.3.0.jar:/Users/mourya_n/.m2/repository/org/springframework/cloud/spring-cloud-loadbalancer/4.3.0/spring-cloud-loadbalancer-4.3.0.jar:/Users/mourya_n/.m2/repository/io/projectreactor/reactor-core/3.7.8/reactor-core-3.7.8.jar:/Users/mourya_n/.m2/repository/org/reactivestreams/reactive-streams/1.0.4/reactive-streams-1.0.4.jar:/Users/mourya_n/.m2/repository/io/projectreactor/addons/reactor-extra/3.5.2/reactor-extra-3.5.2.jar:/Users/mourya_n/.m2/repository/org/springframework/boot/spring-boot-starter-cache/3.5.4/spring-boot-starter-cache-3.5.4.jar:/Users/mourya_n/.m2/repository/org/springframework/spring-context-support/6.2.9/spring-context-support-6.2.9.jar:/Users/mourya_n/.m2/repository/com/stoyanr/evictor/1.0.0/evictor-1.0.0.jar:/Users/mourya_n/.m2/repository/org/springframework/cloud/spring-cloud-starter-openfeign/4.3.0/spring-cloud-starter-openfeign-4.3.0.jar:/Users/mourya_n/.m2/repository/org/springframework/cloud/spring-cloud-openfeign-core/4.3.0/spring-cloud-openfeign-core-4.3.0.jar:/Users/mourya_n/.m2/repository/io/github/openfeign/feign-form-spring/13.6/feign-form-spring-13.6.jar:/Users/mourya_n/.m2/repository/org/apache/commons/commons-text/1.13.0/commons-text-1.13.0.jar:/Users/mourya_n/.m2/repository/org/apache/commons/commons-lang3/3.17.0/commons-lang3-3.17.0.jar:/Users/mourya_n/.m2/repository/io/github/openfeign/feign-form/13.6/feign-form-13.6.jar:/Users/mourya_n/.m2/repository/commons-fileupload/commons-fileupload/1.5/commons-fileupload-1.5.jar:/Users/mourya_n/.m2/repository/org/springframework/cloud/spring-cloud-commons/4.3.0/spring-cloud-commons-4.3.0.jar:/Users/mourya_n/.m2/repository/org/springframework/security/spring-security-crypto/6.5.2/spring-security-crypto-6.5.2.jar:/Users/mourya_n/.m2/repository/io/github/openfeign/feign-core/13.6/feign-core-13.6.jar:/Users/mourya_n/.m2/repository/io/github/openfeign/feign-slf4j/13.6/feign-slf4j-13.6.jar:/Users/mourya_n/.m2/repository/org/postgresql/postgresql/42.7.7/postgresql-42.7.7.jar:/Users/mourya_n/.m2/repository/org/checkerframework/checker-qual/3.49.3/checker-qual-3.49.3.jar:/Users/mourya_n/.m2/repository/org/projectlombok/lombok/1.18.38/lombok-1.18.38.jar:/Users/mourya_n/.m2/repository/org/springframework/boot/spring-boot-starter-test/3.5.4/spring-boot-starter-test-3.5.4.jar:/Users/mourya_n/.m2/repository/org/springframework/boot/spring-boot-test/3.5.4/spring-boot-test-3.5.4.jar:/Users/mourya_n/.m2/repository/org/springframework/boot/spring-boot-test-autoconfigure/3.5.4/spring-boot-test-autoconfigure-3.5.4.jar:/Users/mourya_n/.m2/repository/com/jayway/jsonpath/json-path/2.9.0/json-path-2.9.0.jar:/Users/mourya_n/.m2/repository/jakarta/xml/bind/jakarta.xml.bind-api/4.0.2/jakarta.xml.bind-api-4.0.2.jar:/Users/mourya_n/.m2/repository/jakarta/activation/jakarta.activation-api/2.1.3/jakarta.activation-api-2.1.3.jar:/Users/mourya_n/.m2/repository/net/minidev/json-smart/2.5.2/json-smart-2.5.2.jar:/Users/mourya_n/.m2/repository/net/minidev/accessors-smart/2.5.2/accessors-smart-2.5.2.jar:/Users/mourya_n/.m2/repository/org/ow2/asm/asm/9.7.1/asm-9.7.1.jar:/Users/mourya_n/.m2/repository/org/assertj/assertj-core/3.27.3/assertj-core-3.27.3.jar:/Users/mourya_n/.m2/repository/org/awaitility/awaitility/4.2.2/awaitility-4.2.2.jar:/Users/mourya_n/.m2/repository/org/hamcrest/hamcrest/3.0/hamcrest-3.0.jar:/Users/mourya_n/.m2/repository/org/junit/jupiter/junit-jupiter/5.12.2/junit-jupiter-5.12.2.jar:/Users/mourya_n/.m2/repository/org/junit/jupiter/junit-jupiter-api/5.12.2/junit-jupiter-api-5.12.2.jar:/Users/mourya_n/.m2/repository/org/opentest4j/opentest4j/1.3.0/opentest4j-1.3.0.jar:/Users/mourya_n/.m2/repository/org/junit/platform/junit-platform-commons/1.12.2/junit-platform-commons-1.12.2.jar:/Users/mourya_n/.m2/repository/org/apiguardian/apiguardian-api/1.1.2/apiguardian-api-1.1.2.jar:/Users/mourya_n/.m2/repository/org/junit/jupiter/junit-jupiter-params/5.12.2/junit-jupiter-params-5.12.2.jar:/Users/mourya_n/.m2/repository/org/junit/jupiter/junit-jupiter-engine/5.12.2/junit-jupiter-engine-5.12.2.jar:/Users/mourya_n/.m2/repository/org/junit/platform/junit-platform-engine/1.12.2/junit-platform-engine-1.12.2.jar:/Users/mourya_n/.m2/repository/org/mockito/mockito-core/5.17.0/mockito-core-5.17.0.jar:/Users/mourya_n/.m2/repository/net/bytebuddy/byte-buddy-agent/1.17.6/byte-buddy-agent-1.17.6.jar:/Users/mourya_n/.m2/repository/org/objenesis/objenesis/3.3/objenesis-3.3.jar:/Users/mourya_n/.m2/repository/org/mockito/mockito-junit-jupiter/5.17.0/mockito-junit-jupiter-5.17.0.jar:/Users/mourya_n/.m2/repository/org/skyscreamer/jsonassert/1.5.3/jsonassert-1.5.3.jar:/Users/mourya_n/.m2/repository/com/vaadin/external/google/android-json/0.0.20131108.vaadin1/android-json-0.0.20131108.vaadin1.jar:/Users/mourya_n/.m2/repository/org/springframework/spring-core/6.2.9/spring-core-6.2.9.jar:/Users/mourya_n/.m2/repository/org/springframework/spring-jcl/6.2.9/spring-jcl-6.2.9.jar:/Users/mourya_n/.m2/repository/org/springframework/spring-test/6.2.9/spring-test-6.2.9.jar:/Users/mourya_n/.m2/repository/org/xmlunit/xmlunit-core/2.10.3/xmlunit-core-2.10.3.jar:"/>
    <property name="sun.cpu.endian" value="little"/>
    <property name="user.home" value="/Users/mourya_n"/>
    <property name="user.language" value="en"/>
    <property name="java.specification.vendor" value="Oracle Corporation"/>
    <property name="java.version.date" value="2024-07-16"/>
    <property name="java.home" value="/Library/Java/JavaVirtualMachines/jdk-21.jdk/Contents/Home"/>
    <property name="file.separator" value="/"/>
    <property name="basedir" value="/Users/mourya_n/Downloads/sasi/blog_post_service-main"/>
    <property name="java.vm.compressedOopsMode" value="Zero based"/>
    <property name="line.separator" value="&#10;"/>
    <property name="java.vm.specification.vendor" value="Oracle Corporation"/>
    <property name="java.specification.name" value="Java Platform API Specification"/>
    <property name="apple.awt.application.name" value="ForkedBooter"/>
    <property name="surefire.real.class.path" value="/Users/mourya_n/Downloads/sasi/blog_post_service-main/target/surefire/surefirebooter-20250819155230619_3.jar"/>
    <property name="sun.management.compiler" value="HotSpot 64-Bit Tiered Compilers"/>
    <property name="ftp.nonProxyHosts" value="local|*.local|169.254/16|*.169.254/16"/>
    <property name="java.runtime.version" value="21.0.4+8-LTS-274"/>
    <property name="user.name" value="mourya_n"/>
    <property name="stdout.encoding" value="UTF-8"/>
    <property name="path.separator" value=":"/>
    <property name="os.version" value="15.6"/>
    <property name="java.runtime.name" value="Java(TM) SE Runtime Environment"/>
    <property name="file.encoding" value="UTF-8"/>
    <property name="java.vm.name" value="Java HotSpot(TM) 64-Bit Server VM"/>
    <property name="localRepository" value="/Users/mourya_n/.m2/repository"/>
    <property name="java.vendor.url.bug" value="https://bugreport.java.com/bugreport/"/>
    <property name="java.io.tmpdir" value="/var/folders/s7/6_vld90s549_k67mxdrvg7m00000gn/T/"/>
    <property name="idea.version" value="2024.2.3"/>
    <property name="java.version" value="21.0.4"/>
    <property name="user.dir" value="/Users/mourya_n/Downloads/sasi/blog_post_service-main"/>
    <property name="os.arch" value="aarch64"/>
    <property name="java.vm.specification.name" value="Java Virtual Machine Specification"/>
    <property name="native.encoding" value="UTF-8"/>
    <property name="java.library.path" value="/Users/mourya_n/Library/Java/Extensions:/Library/Java/Extensions:/Network/Library/Java/Extensions:/System/Library/Java/Extensions:/usr/lib/java:."/>
    <property name="java.vm.info" value="mixed mode, sharing"/>
    <property name="stderr.encoding" value="UTF-8"/>
    <property name="java.vendor" value="Oracle Corporation"/>
    <property name="java.vm.version" value="21.0.4+8-LTS-274"/>
    <property name="sun.io.unicode.encoding" value="UnicodeBig"/>
    <property name="socksNonProxyHosts" value="local|*.local|169.254/16|*.169.254/16"/>
    <property name="java.class.version" value="65.0"/>
  </properties>
  <testcase name="updatePost_WhenPostNotFound_ShouldThrowException" classname="com.mb.postService.service.impl.PostServiceImplTest" time="0.09">
    <system-out><![CDATA[15:52:31.470 [main] INFO com.mb.postService.service.impl.PostServiceImpl -- Updating post with id: 99
15:52:31.470 [main] WARN com.mb.postService.service.impl.PostServiceImpl -- Cannot update, post not found with id: 99
]]></system-out>
  </testcase>
  <testcase name="publishPost_ShouldThrowException_WhenPostNotFound" classname="com.mb.postService.service.impl.PostServiceImplTest" time="0.002">
    <system-out><![CDATA[15:52:31.474 [main] INFO com.mb.postService.service.impl.PostServiceImpl -- Publishing post with id: 99
15:52:31.474 [main] WARN com.mb.postService.service.impl.PostServiceImpl -- Cannot publish, post not found with id: 99
]]></system-out>
  </testcase>
  <testcase name="getPublishedPosts_WhenNoPosts_ShouldReturnEmptyList" classname="com.mb.postService.service.impl.PostServiceImplTest" time="0.001">
    <system-out><![CDATA[15:52:31.476 [main] INFO com.mb.postService.service.impl.PostServiceImpl -- Fetching published posts
]]></system-out>
  </testcase>
  <testcase name="getAllPosts_WhenPostsExist_ShouldReturnPostDtos" classname="com.mb.postService.service.impl.PostServiceImplTest" time="0.001">
    <system-out><![CDATA[15:52:31.478 [main] INFO com.mb.postService.service.impl.PostServiceImpl -- Fetching all posts
]]></system-out>
  </testcase>
  <testcase name="getAllTags_WhenNoTagsExist_ShouldReturnEmptyList" classname="com.mb.postService.service.impl.PostServiceImplTest" time="0.001">
    <system-out><![CDATA[15:52:31.479 [main] INFO com.mb.postService.service.impl.PostServiceImpl -- Fetching all tags
]]></system-out>
  </testcase>
  <testcase name="searchPosts_WhenNoMatches_ShouldReturnEmptyList" classname="com.mb.postService.service.impl.PostServiceImplTest" time="0.001">
    <system-out><![CDATA[15:52:31.480 [main] INFO com.mb.postService.service.impl.PostServiceImpl -- Searching posts with keyword: Python
]]></system-out>
  </testcase>
  <testcase name="publishPost_ShouldSetPublishedTrue_WhenPostExists" classname="com.mb.postService.service.impl.PostServiceImplTest" time="0.002">
    <system-out><![CDATA[15:52:31.482 [main] INFO com.mb.postService.service.impl.PostServiceImpl -- Publishing post with id: 1
]]></system-out>
  </testcase>
  <testcase name="getPostById_WhenPostDoesNotExist_ShouldThrowException" classname="com.mb.postService.service.impl.PostServiceImplTest" time="0.001">
    <system-out><![CDATA[15:52:31.484 [main] INFO com.mb.postService.service.impl.PostServiceImpl -- Fetching post with id: 99
15:52:31.484 [main] WARN com.mb.postService.service.impl.PostServiceImpl -- Post not found with id: 99
]]></system-out>
  </testcase>
  <testcase name="deletePostsByAuthor_ShouldDeleteAllPostsOfAuthor" classname="com.mb.postService.service.impl.PostServiceImplTest" time="0.001">
    <system-out><![CDATA[15:52:31.486 [main] WARN com.mb.postService.service.impl.PostServiceImpl -- Deleting all posts by author: JohnDoe
]]></system-out>
  </testcase>
  <testcase name="getAllPosts_WhenNoPosts_ShouldReturnEmptyList" classname="com.mb.postService.service.impl.PostServiceImplTest" time="0.001">
    <system-out><![CDATA[15:52:31.487 [main] INFO com.mb.postService.service.impl.PostServiceImpl -- Fetching all posts
]]></system-out>
  </testcase>
  <testcase name="getPostsByAuthor_WhenPostsExist_ShouldReturnDtos" classname="com.mb.postService.service.impl.PostServiceImplTest" time="0.001">
    <system-out><![CDATA[15:52:31.488 [main] INFO com.mb.postService.service.impl.PostServiceImpl -- Fetching posts by author: Alice
]]></system-out>
  </testcase>
  <testcase name="deletePost_ShouldDelete_WhenPostExists" classname="com.mb.postService.service.impl.PostServiceImplTest" time="0.002">
    <system-out><![CDATA[15:52:31.489 [main] INFO com.mb.postService.service.impl.PostServiceImpl -- Deleting post with id: 1
]]></system-out>
  </testcase>
  <testcase name="getPostsByTag_WhenNoPosts_ShouldReturnEmptyList" classname="com.mb.postService.service.impl.PostServiceImplTest" time="0.001">
    <system-out><![CDATA[15:52:31.490 [main] INFO com.mb.postService.service.impl.PostServiceImpl -- Fetching posts with tag: Python
]]></system-out>
  </testcase>
  <testcase name="createPost_ShouldSavePostAndReturnDto" classname="com.mb.postService.service.impl.PostServiceImplTest" time="0.001">
    <system-out><![CDATA[15:52:31.492 [main] INFO com.mb.postService.service.impl.PostServiceImpl -- Creating post with title: Test Title
]]></system-out>
  </testcase>
  <testcase name="getPostsByAuthor_WhenNoPosts_ShouldReturnEmptyList" classname="com.mb.postService.service.impl.PostServiceImplTest" time="0.001">
    <system-out><![CDATA[15:52:31.493 [main] INFO com.mb.postService.service.impl.PostServiceImpl -- Fetching posts by author: Bob
]]></system-out>
  </testcase>
  <testcase name="getPostById_WhenPostExists_ShouldReturnDto" classname="com.mb.postService.service.impl.PostServiceImplTest" time="0.001">
    <system-out><![CDATA[15:52:31.494 [main] INFO com.mb.postService.service.impl.PostServiceImpl -- Fetching post with id: 1
]]></system-out>
  </testcase>
  <testcase name="unpublishPost_ShouldSetPublishedFalse_WhenPostExists" classname="com.mb.postService.service.impl.PostServiceImplTest" time="0.001">
    <system-out><![CDATA[15:52:31.495 [main] INFO com.mb.postService.service.impl.PostServiceImpl -- Unpublishing post with id: 2
]]></system-out>
  </testcase>
  <testcase name="getAllTags_WhenTagsExist_ShouldReturnTagList" classname="com.mb.postService.service.impl.PostServiceImplTest" time="0.001">
    <system-out><![CDATA[15:52:31.497 [main] INFO com.mb.postService.service.impl.PostServiceImpl -- Fetching all tags
]]></system-out>
  </testcase>
  <testcase name="updatePost_WhenPostExists_ShouldUpdateAndReturnDto" classname="com.mb.postService.service.impl.PostServiceImplTest" time="0.002">
    <system-out><![CDATA[15:52:31.498 [main] INFO com.mb.postService.service.impl.PostServiceImpl -- Updating post with id: 1
]]></system-out>
  </testcase>
  <testcase name="deletePost_ShouldThrowException_WhenPostDoesNotExist" classname="com.mb.postService.service.impl.PostServiceImplTest" time="0.001">
    <system-out><![CDATA[15:52:31.500 [main] INFO com.mb.postService.service.impl.PostServiceImpl -- Deleting post with id: 1
15:52:31.500 [main] WARN com.mb.postService.service.impl.PostServiceImpl -- Cannot delete, post not found with id: 1
]]></system-out>
  </testcase>
  <testcase name="unpublishPost_ShouldThrowException_WhenPostNotFound" classname="com.mb.postService.service.impl.PostServiceImplTest" time="0.001">
    <system-out><![CDATA[15:52:31.501 [main] INFO com.mb.postService.service.impl.PostServiceImpl -- Unpublishing post with id: 100
15:52:31.501 [main] WARN com.mb.postService.service.impl.PostServiceImpl -- Cannot unpublish, post not found with id: 100
]]></system-out>
  </testcase>
  <testcase name="updatePost_WhenTagsAreNull_ShouldNotFail" classname="com.mb.postService.service.impl.PostServiceImplTest" time="0.001">
    <system-out><![CDATA[15:52:31.502 [main] INFO com.mb.postService.service.impl.PostServiceImpl -- Updating post with id: 1
]]></system-out>
  </testcase>
  <testcase name="getPublishedPosts_WhenPostsExist_ShouldReturnDtos" classname="com.mb.postService.service.impl.PostServiceImplTest" time="0.001">
    <system-out><![CDATA[15:52:31.504 [main] INFO com.mb.postService.service.impl.PostServiceImpl -- Fetching published posts
]]></system-out>
  </testcase>
  <testcase name="getPostsByTag_WhenPostsExist_ShouldReturnDtos" classname="com.mb.postService.service.impl.PostServiceImplTest" time="0.001">
    <system-out><![CDATA[15:52:31.505 [main] INFO com.mb.postService.service.impl.PostServiceImpl -- Fetching posts with tag: Java
]]></system-out>
  </testcase>
  <testcase name="searchPosts_WhenMatchesExist_ShouldReturnDtos" classname="com.mb.postService.service.impl.PostServiceImplTest" time="0.001">
    <system-out><![CDATA[15:52:31.506 [main] INFO com.mb.postService.service.impl.PostServiceImpl -- Searching posts with keyword: Java
]]></system-out>
  </testcase>
</testsuite>